This is pdfTeX, Version 3.14159265-2.6-1.40.16 (MiKTeX 2.9 64-bit) (preloaded format=pdflatex 2016.3.10)  20 MAY 2016 01:14
entering extended mode
**./Space3_Assign3.tex
(Space3_Assign3.tex
LaTeX2e <2015/10/01> patch level 2
Babel <3.9n> and hyphenation patterns for 69 languages loaded.
("C:\Users\Lydia\AppData\Local\Programs\MiKTeX 2.9\tex\latex\base\article.cls"
Document Class: article 2014/09/29 v1.4h Standard LaTeX document class
("C:\Users\Lydia\AppData\Local\Programs\MiKTeX 2.9\tex\latex\base\size11.clo"
File: size11.clo 2014/09/29 v1.4h Standard LaTeX file (size option)
)
\c@part=\count79
\c@section=\count80
\c@subsection=\count81
\c@subsubsection=\count82
\c@paragraph=\count83
\c@subparagraph=\count84
\c@figure=\count85
\c@table=\count86
\abovecaptionskip=\skip41
\belowcaptionskip=\skip42
\bibindent=\dimen102
)
("C:\Users\Lydia\AppData\Local\Programs\MiKTeX 2.9\tex\latex\geometry\geometry.
sty"
Package: geometry 2010/09/12 v5.6 Page Geometry

("C:\Users\Lydia\AppData\Local\Programs\MiKTeX 2.9\tex\latex\graphics\keyval.st
y"
Package: keyval 2014/10/28 v1.15 key=value parser (DPC)
\KV@toks@=\toks14
)
("C:\Users\Lydia\AppData\Local\Programs\MiKTeX 2.9\tex\generic\oberdiek\ifpdf.s
ty"
Package: ifpdf 2011/01/30 v2.3 Provides the ifpdf switch (HO)
Package ifpdf Info: pdfTeX in PDF mode is detected.
)
("C:\Users\Lydia\AppData\Local\Programs\MiKTeX 2.9\tex\generic\oberdiek\ifvtex.
sty"
Package: ifvtex 2010/03/01 v1.5 Detect VTeX and its facilities (HO)
Package ifvtex Info: VTeX not detected.
)
("C:\Users\Lydia\AppData\Local\Programs\MiKTeX 2.9\tex\generic\ifxetex\ifxetex.
sty"
Package: ifxetex 2010/09/12 v0.6 Provides ifxetex conditional
)
\Gm@cnth=\count87
\Gm@cntv=\count88
\c@Gm@tempcnt=\count89
\Gm@bindingoffset=\dimen103
\Gm@wd@mp=\dimen104
\Gm@odd@mp=\dimen105
\Gm@even@mp=\dimen106
\Gm@layoutwidth=\dimen107
\Gm@layoutheight=\dimen108
\Gm@layouthoffset=\dimen109
\Gm@layoutvoffset=\dimen110
\Gm@dimlist=\toks15

("C:\Users\Lydia\AppData\Local\Programs\MiKTeX 2.9\tex\latex\geometry\geometry.
cfg"))
("C:\Users\Lydia\AppData\Local\Programs\MiKTeX 2.9\tex\latex\amsmath\amsmath.st
y"
Package: amsmath 2013/01/14 v2.14 AMS math features
\@mathmargin=\skip43

For additional information on amsmath, use the `?' option.

("C:\Users\Lydia\AppData\Local\Programs\MiKTeX 2.9\tex\latex\amsmath\amstext.st
y"
Package: amstext 2000/06/29 v2.01

("C:\Users\Lydia\AppData\Local\Programs\MiKTeX 2.9\tex\latex\amsmath\amsgen.sty
"
File: amsgen.sty 1999/11/30 v2.0
\@emptytoks=\toks16
\ex@=\dimen111
))
("C:\Users\Lydia\AppData\Local\Programs\MiKTeX 2.9\tex\latex\amsmath\amsbsy.sty
"
Package: amsbsy 1999/11/29 v1.2d
\pmbraise@=\dimen112
)
("C:\Users\Lydia\AppData\Local\Programs\MiKTeX 2.9\tex\latex\amsmath\amsopn.sty
"
Package: amsopn 1999/12/14 v2.01 operator names
)
\inf@bad=\count90
LaTeX Info: Redefining \frac on input line 210.
\uproot@=\count91
\leftroot@=\count92
LaTeX Info: Redefining \overline on input line 306.
\classnum@=\count93
\DOTSCASE@=\count94
LaTeX Info: Redefining \ldots on input line 378.
LaTeX Info: Redefining \dots on input line 381.
LaTeX Info: Redefining \cdots on input line 466.
\Mathstrutbox@=\box26
\strutbox@=\box27
\big@size=\dimen113
LaTeX Font Info:    Redeclaring font encoding OML on input line 566.
LaTeX Font Info:    Redeclaring font encoding OMS on input line 567.
\macc@depth=\count95
\c@MaxMatrixCols=\count96
\dotsspace@=\muskip10
\c@parentequation=\count97
\dspbrk@lvl=\count98
\tag@help=\toks17
\row@=\count99
\column@=\count100
\maxfields@=\count101
\andhelp@=\toks18
\eqnshift@=\dimen114
\alignsep@=\dimen115
\tagshift@=\dimen116
\tagwidth@=\dimen117
\totwidth@=\dimen118
\lineht@=\dimen119
\@envbody=\toks19
\multlinegap=\skip44
\multlinetaggap=\skip45
\mathdisplay@stack=\toks20
LaTeX Info: Redefining \[ on input line 2665.
LaTeX Info: Redefining \] on input line 2666.
)
("C:\Users\Lydia\AppData\Local\Programs\MiKTeX 2.9\tex\latex\pgf\frontendlayer\
tikz.sty"
("C:\Users\Lydia\AppData\Local\Programs\MiKTeX 2.9\tex\latex\pgf\basiclayer\pgf
.sty"
("C:\Users\Lydia\AppData\Local\Programs\MiKTeX 2.9\tex\latex\pgf\utilities\pgfr
cs.sty"
("C:\Users\Lydia\AppData\Local\Programs\MiKTeX 2.9\tex\generic\pgf\utilities\pg
futil-common.tex"
\pgfutil@everybye=\toks21
\pgfutil@tempdima=\dimen120
\pgfutil@tempdimb=\dimen121

("C:\Users\Lydia\AppData\Local\Programs\MiKTeX 2.9\tex\generic\pgf\utilities\pg
futil-common-lists.tex"))
("C:\Users\Lydia\AppData\Local\Programs\MiKTeX 2.9\tex\generic\pgf\utilities\pg
futil-latex.def"
\pgfutil@abb=\box28

("C:\Users\Lydia\AppData\Local\Programs\MiKTeX 2.9\tex\latex\ms\everyshi.sty"
Package: everyshi 2001/05/15 v3.00 EveryShipout Package (MS)
))
("C:\Users\Lydia\AppData\Local\Programs\MiKTeX 2.9\tex\generic\pgf\utilities\pg
frcs.code.tex"
Package: pgfrcs 2015/08/07 v3.0.1a (rcs-revision 1.31)
))
Package: pgf 2015/08/07 v3.0.1a (rcs-revision 1.15)

("C:\Users\Lydia\AppData\Local\Programs\MiKTeX 2.9\tex\latex\pgf\basiclayer\pgf
core.sty"
("C:\Users\Lydia\AppData\Local\Programs\MiKTeX 2.9\tex\latex\graphics\graphicx.
sty"
Package: graphicx 2014/10/28 v1.0g Enhanced LaTeX Graphics (DPC,SPQR)

("C:\Users\Lydia\AppData\Local\Programs\MiKTeX 2.9\tex\latex\graphics\graphics.
sty"
Package: graphics 2014/10/28 v1.0p Standard LaTeX Graphics (DPC,SPQR)

("C:\Users\Lydia\AppData\Local\Programs\MiKTeX 2.9\tex\latex\graphics\trig.sty"
Package: trig 1999/03/16 v1.09 sin cos tan (DPC)
)
("C:\Users\Lydia\AppData\Local\Programs\MiKTeX 2.9\tex\latex\00miktex\graphics.
cfg"
File: graphics.cfg 2007/01/18 v1.5 graphics configuration of teTeX/TeXLive
)
Package graphics Info: Driver file: pdftex.def on input line 94.

("C:\Users\Lydia\AppData\Local\Programs\MiKTeX 2.9\tex\latex\pdftex-def\pdftex.
def"
File: pdftex.def 2011/05/27 v0.06d Graphics/color for pdfTeX

("C:\Users\Lydia\AppData\Local\Programs\MiKTeX 2.9\tex\generic\oberdiek\infware
rr.sty"
Package: infwarerr 2010/04/08 v1.3 Providing info/warning/error messages (HO)
)
("C:\Users\Lydia\AppData\Local\Programs\MiKTeX 2.9\tex\generic\oberdiek\ltxcmds
.sty"
Package: ltxcmds 2011/11/09 v1.22 LaTeX kernel commands for general use (HO)
)
\Gread@gobject=\count102
))
\Gin@req@height=\dimen122
\Gin@req@width=\dimen123
)
("C:\Users\Lydia\AppData\Local\Programs\MiKTeX 2.9\tex\latex\pgf\systemlayer\pg
fsys.sty"
("C:\Users\Lydia\AppData\Local\Programs\MiKTeX 2.9\tex\generic\pgf\systemlayer\
pgfsys.code.tex"
Package: pgfsys 2014/07/09 v3.0.1a (rcs-revision 1.48)

("C:\Users\Lydia\AppData\Local\Programs\MiKTeX 2.9\tex\generic\pgf\utilities\pg
fkeys.code.tex"
\pgfkeys@pathtoks=\toks22
\pgfkeys@temptoks=\toks23

("C:\Users\Lydia\AppData\Local\Programs\MiKTeX 2.9\tex\generic\pgf\utilities\pg
fkeysfiltered.code.tex"
\pgfkeys@tmptoks=\toks24
))
\pgf@x=\dimen124
\pgf@y=\dimen125
\pgf@xa=\dimen126
\pgf@ya=\dimen127
\pgf@xb=\dimen128
\pgf@yb=\dimen129
\pgf@xc=\dimen130
\pgf@yc=\dimen131
\w@pgf@writea=\write3
\r@pgf@reada=\read1
\c@pgf@counta=\count103
\c@pgf@countb=\count104
\c@pgf@countc=\count105
\c@pgf@countd=\count106
\t@pgf@toka=\toks25
\t@pgf@tokb=\toks26
\t@pgf@tokc=\toks27

("C:\Users\Lydia\AppData\Local\Programs\MiKTeX 2.9\tex\generic\pgf\systemlayer\
pgf.cfg"
File: pgf.cfg 2008/05/14  (rcs-revision 1.7)
)
Driver file for pgf: pgfsys-pdftex.def

("C:\Users\Lydia\AppData\Local\Programs\MiKTeX 2.9\tex\generic\pgf\systemlayer\
pgfsys-pdftex.def"
File: pgfsys-pdftex.def 2014/10/11  (rcs-revision 1.35)

("C:\Users\Lydia\AppData\Local\Programs\MiKTeX 2.9\tex\generic\pgf\systemlayer\
pgfsys-common-pdf.def"
File: pgfsys-common-pdf.def 2013/10/10  (rcs-revision 1.13)
)))
("C:\Users\Lydia\AppData\Local\Programs\MiKTeX 2.9\tex\generic\pgf\systemlayer\
pgfsyssoftpath.code.tex"
File: pgfsyssoftpath.code.tex 2013/09/09  (rcs-revision 1.9)
\pgfsyssoftpath@smallbuffer@items=\count107
\pgfsyssoftpath@bigbuffer@items=\count108
)
("C:\Users\Lydia\AppData\Local\Programs\MiKTeX 2.9\tex\generic\pgf\systemlayer\
pgfsysprotocol.code.tex"
File: pgfsysprotocol.code.tex 2006/10/16  (rcs-revision 1.4)
))
("C:\Users\Lydia\AppData\Local\Programs\MiKTeX 2.9\tex\latex\xcolor\xcolor.sty"
Package: xcolor 2007/01/21 v2.11 LaTeX color extensions (UK)
("C:\Users\Lydia\AppData\Local\Programs\MiKTeX 2.9\tex\latex\00miktex\color.cfg
"
File: color.cfg 2007/01/18 v1.5 color configuration of teTeX/TeXLive
)
Package xcolor Info: Driver file: pdftex.def on input line 225.
Package xcolor Info: Model `cmy' substituted by `cmy0' on input line 1337.
Package xcolor Info: Model `hsb' substituted by `rgb' on input line 1341.
Package xcolor Info: Model `RGB' extended on input line 1353.
Package xcolor Info: Model `HTML' substituted by `rgb' on input line 1355.
Package xcolor Info: Model `Hsb' substituted by `hsb' on input line 1356.
Package xcolor Info: Model `tHsb' substituted by `hsb' on input line 1357.
Package xcolor Info: Model `HSB' substituted by `hsb' on input line 1358.
Package xcolor Info: Model `Gray' substituted by `gray' on input line 1359.
Package xcolor Info: Model `wave' substituted by `hsb' on input line 1360.
)
("C:\Users\Lydia\AppData\Local\Programs\MiKTeX 2.9\tex\generic\pgf\basiclayer\p
gfcore.code.tex"
Package: pgfcore 2010/04/11 v3.0.1a (rcs-revision 1.7)

("C:\Users\Lydia\AppData\Local\Programs\MiKTeX 2.9\tex\generic\pgf\math\pgfmath
.code.tex"
("C:\Users\Lydia\AppData\Local\Programs\MiKTeX 2.9\tex\generic\pgf\math\pgfmath
calc.code.tex"
("C:\Users\Lydia\AppData\Local\Programs\MiKTeX 2.9\tex\generic\pgf\math\pgfmath
util.code.tex")
("C:\Users\Lydia\AppData\Local\Programs\MiKTeX 2.9\tex\generic\pgf\math\pgfmath
parser.code.tex"
\pgfmath@dimen=\dimen132
\pgfmath@count=\count109
\pgfmath@box=\box29
\pgfmath@toks=\toks28
\pgfmath@stack@operand=\toks29
\pgfmath@stack@operation=\toks30
)
("C:\Users\Lydia\AppData\Local\Programs\MiKTeX 2.9\tex\generic\pgf\math\pgfmath
functions.code.tex"
("C:\Users\Lydia\AppData\Local\Programs\MiKTeX 2.9\tex\generic\pgf\math\pgfmath
functions.basic.code.tex")
("C:\Users\Lydia\AppData\Local\Programs\MiKTeX 2.9\tex\generic\pgf\math\pgfmath
functions.trigonometric.code.tex")
("C:\Users\Lydia\AppData\Local\Programs\MiKTeX 2.9\tex\generic\pgf\math\pgfmath
functions.random.code.tex")
("C:\Users\Lydia\AppData\Local\Programs\MiKTeX 2.9\tex\generic\pgf\math\pgfmath
functions.comparison.code.tex")
("C:\Users\Lydia\AppData\Local\Programs\MiKTeX 2.9\tex\generic\pgf\math\pgfmath
functions.base.code.tex")
("C:\Users\Lydia\AppData\Local\Programs\MiKTeX 2.9\tex\generic\pgf\math\pgfmath
functions.round.code.tex")
("C:\Users\Lydia\AppData\Local\Programs\MiKTeX 2.9\tex\generic\pgf\math\pgfmath
functions.misc.code.tex")
("C:\Users\Lydia\AppData\Local\Programs\MiKTeX 2.9\tex\generic\pgf\math\pgfmath
functions.integerarithmetics.code.tex")))
("C:\Users\Lydia\AppData\Local\Programs\MiKTeX 2.9\tex\generic\pgf\math\pgfmath
float.code.tex"
\c@pgfmathroundto@lastzeros=\count110
))
("C:\Users\Lydia\AppData\Local\Programs\MiKTeX 2.9\tex\generic\pgf\basiclayer\p
gfcorepoints.code.tex"
File: pgfcorepoints.code.tex 2013/10/07  (rcs-revision 1.27)
\pgf@picminx=\dimen133
\pgf@picmaxx=\dimen134
\pgf@picminy=\dimen135
\pgf@picmaxy=\dimen136
\pgf@pathminx=\dimen137
\pgf@pathmaxx=\dimen138
\pgf@pathminy=\dimen139
\pgf@pathmaxy=\dimen140
\pgf@xx=\dimen141
\pgf@xy=\dimen142
\pgf@yx=\dimen143
\pgf@yy=\dimen144
\pgf@zx=\dimen145
\pgf@zy=\dimen146
)
("C:\Users\Lydia\AppData\Local\Programs\MiKTeX 2.9\tex\generic\pgf\basiclayer\p
gfcorepathconstruct.code.tex"
File: pgfcorepathconstruct.code.tex 2013/10/07  (rcs-revision 1.29)
\pgf@path@lastx=\dimen147
\pgf@path@lasty=\dimen148
)
("C:\Users\Lydia\AppData\Local\Programs\MiKTeX 2.9\tex\generic\pgf\basiclayer\p
gfcorepathusage.code.tex"
File: pgfcorepathusage.code.tex 2014/11/02  (rcs-revision 1.24)
\pgf@shorten@end@additional=\dimen149
\pgf@shorten@start@additional=\dimen150
)
("C:\Users\Lydia\AppData\Local\Programs\MiKTeX 2.9\tex\generic\pgf\basiclayer\p
gfcorescopes.code.tex"
File: pgfcorescopes.code.tex 2015/05/08  (rcs-revision 1.46)
\pgfpic=\box30
\pgf@hbox=\box31
\pgf@layerbox@main=\box32
\pgf@picture@serial@count=\count111
)
("C:\Users\Lydia\AppData\Local\Programs\MiKTeX 2.9\tex\generic\pgf\basiclayer\p
gfcoregraphicstate.code.tex"
File: pgfcoregraphicstate.code.tex 2014/11/02  (rcs-revision 1.12)
\pgflinewidth=\dimen151
)
("C:\Users\Lydia\AppData\Local\Programs\MiKTeX 2.9\tex\generic\pgf\basiclayer\p
gfcoretransformations.code.tex"
File: pgfcoretransformations.code.tex 2015/08/07  (rcs-revision 1.20)
\pgf@pt@x=\dimen152
\pgf@pt@y=\dimen153
\pgf@pt@temp=\dimen154
)
("C:\Users\Lydia\AppData\Local\Programs\MiKTeX 2.9\tex\generic\pgf\basiclayer\p
gfcorequick.code.tex"
File: pgfcorequick.code.tex 2008/10/09  (rcs-revision 1.3)
)
("C:\Users\Lydia\AppData\Local\Programs\MiKTeX 2.9\tex\generic\pgf\basiclayer\p
gfcoreobjects.code.tex"
File: pgfcoreobjects.code.tex 2006/10/11  (rcs-revision 1.2)
)
("C:\Users\Lydia\AppData\Local\Programs\MiKTeX 2.9\tex\generic\pgf\basiclayer\p
gfcorepathprocessing.code.tex"
File: pgfcorepathprocessing.code.tex 2013/09/09  (rcs-revision 1.9)
)
("C:\Users\Lydia\AppData\Local\Programs\MiKTeX 2.9\tex\generic\pgf\basiclayer\p
gfcorearrows.code.tex"
File: pgfcorearrows.code.tex 2015/05/14  (rcs-revision 1.43)
\pgfarrowsep=\dimen155
)
("C:\Users\Lydia\AppData\Local\Programs\MiKTeX 2.9\tex\generic\pgf\basiclayer\p
gfcoreshade.code.tex"
File: pgfcoreshade.code.tex 2013/07/15  (rcs-revision 1.15)
\pgf@max=\dimen156
\pgf@sys@shading@range@num=\count112
)
("C:\Users\Lydia\AppData\Local\Programs\MiKTeX 2.9\tex\generic\pgf\basiclayer\p
gfcoreimage.code.tex"
File: pgfcoreimage.code.tex 2013/07/15  (rcs-revision 1.18)

("C:\Users\Lydia\AppData\Local\Programs\MiKTeX 2.9\tex\generic\pgf\basiclayer\p
gfcoreexternal.code.tex"
File: pgfcoreexternal.code.tex 2014/07/09  (rcs-revision 1.21)
\pgfexternal@startupbox=\box33
))
("C:\Users\Lydia\AppData\Local\Programs\MiKTeX 2.9\tex\generic\pgf\basiclayer\p
gfcorelayers.code.tex"
File: pgfcorelayers.code.tex 2013/07/18  (rcs-revision 1.7)
)
("C:\Users\Lydia\AppData\Local\Programs\MiKTeX 2.9\tex\generic\pgf\basiclayer\p
gfcoretransparency.code.tex"
File: pgfcoretransparency.code.tex 2013/09/30  (rcs-revision 1.5)
)
("C:\Users\Lydia\AppData\Local\Programs\MiKTeX 2.9\tex\generic\pgf\basiclayer\p
gfcorepatterns.code.tex"
File: pgfcorepatterns.code.tex 2013/11/07  (rcs-revision 1.5)
)))
("C:\Users\Lydia\AppData\Local\Programs\MiKTeX 2.9\tex\generic\pgf\modules\pgfm
oduleshapes.code.tex"
File: pgfmoduleshapes.code.tex 2014/03/21  (rcs-revision 1.35)
\pgfnodeparttextbox=\box34
)
("C:\Users\Lydia\AppData\Local\Programs\MiKTeX 2.9\tex\generic\pgf\modules\pgfm
oduleplot.code.tex"
File: pgfmoduleplot.code.tex 2015/08/03  (rcs-revision 1.13)
)
("C:\Users\Lydia\AppData\Local\Programs\MiKTeX 2.9\tex\latex\pgf\compatibility\
pgfcomp-version-0-65.sty"
Package: pgfcomp-version-0-65 2007/07/03 v3.0.1a (rcs-revision 1.7)
\pgf@nodesepstart=\dimen157
\pgf@nodesepend=\dimen158
)
("C:\Users\Lydia\AppData\Local\Programs\MiKTeX 2.9\tex\latex\pgf\compatibility\
pgfcomp-version-1-18.sty"
Package: pgfcomp-version-1-18 2007/07/23 v3.0.1a (rcs-revision 1.1)
))
("C:\Users\Lydia\AppData\Local\Programs\MiKTeX 2.9\tex\latex\pgf\utilities\pgff
or.sty"
("C:\Users\Lydia\AppData\Local\Programs\MiKTeX 2.9\tex\latex\pgf\utilities\pgfk
eys.sty"
("C:\Users\Lydia\AppData\Local\Programs\MiKTeX 2.9\tex\generic\pgf\utilities\pg
fkeys.code.tex"))
("C:\Users\Lydia\AppData\Local\Programs\MiKTeX 2.9\tex\latex\pgf\math\pgfmath.s
ty"
("C:\Users\Lydia\AppData\Local\Programs\MiKTeX 2.9\tex\generic\pgf\math\pgfmath
.code.tex"))
("C:\Users\Lydia\AppData\Local\Programs\MiKTeX 2.9\tex\generic\pgf\utilities\pg
ffor.code.tex"
Package: pgffor 2013/12/13 v3.0.1a (rcs-revision 1.25)

("C:\Users\Lydia\AppData\Local\Programs\MiKTeX 2.9\tex\generic\pgf\math\pgfmath
.code.tex")
\pgffor@iter=\dimen159
\pgffor@skip=\dimen160
\pgffor@stack=\toks31
\pgffor@toks=\toks32
))
("C:\Users\Lydia\AppData\Local\Programs\MiKTeX 2.9\tex\generic\pgf\frontendlaye
r\tikz\tikz.code.tex"
Package: tikz 2015/08/07 v3.0.1a (rcs-revision 1.151)

("C:\Users\Lydia\AppData\Local\Programs\MiKTeX 2.9\tex\generic\pgf\libraries\pg
flibraryplothandlers.code.tex"
File: pgflibraryplothandlers.code.tex 2013/08/31 v3.0.1a (rcs-revision 1.20)
\pgf@plot@mark@count=\count113
\pgfplotmarksize=\dimen161
)
\tikz@lastx=\dimen162
\tikz@lasty=\dimen163
\tikz@lastxsaved=\dimen164
\tikz@lastysaved=\dimen165
\tikzleveldistance=\dimen166
\tikzsiblingdistance=\dimen167
\tikz@figbox=\box35
\tikz@figbox@bg=\box36
\tikz@tempbox=\box37
\tikz@tempbox@bg=\box38
\tikztreelevel=\count114
\tikznumberofchildren=\count115
\tikznumberofcurrentchild=\count116
\tikz@fig@count=\count117

("C:\Users\Lydia\AppData\Local\Programs\MiKTeX 2.9\tex\generic\pgf\modules\pgfm
odulematrix.code.tex"
File: pgfmodulematrix.code.tex 2013/09/17  (rcs-revision 1.8)
\pgfmatrixcurrentrow=\count118
\pgfmatrixcurrentcolumn=\count119
\pgf@matrix@numberofcolumns=\count120
)
\tikz@expandcount=\count121

("C:\Users\Lydia\AppData\Local\Programs\MiKTeX 2.9\tex\generic\pgf\frontendlaye
r\tikz\libraries\tikzlibrarytopaths.code.tex"
File: tikzlibrarytopaths.code.tex 2008/06/17 v3.0.1a (rcs-revision 1.2)
)))
("C:\Users\Lydia\AppData\Local\Programs\MiKTeX 2.9\tex\latex\circuitikz\circuit
ikz.sty"
Package: circuitikz 2015/05/15 The CircuiTikz circuit drawing package version 0
.4

("C:\Users\Lydia\AppData\Local\Programs\MiKTeX 2.9\tex\generic\pgf\frontendlaye
r\tikz\libraries\tikzlibrarycalc.code.tex"
File: tikzlibrarycalc.code.tex 2013/07/15 v3.0.1a (rcs-revision 1.9)
)
("C:\Users\Lydia\AppData\Local\Programs\MiKTeX 2.9\tex\generic\pgf\libraries\pg
flibraryarrows.code.tex"
File: pgflibraryarrows.code.tex 2013/09/23 v3.0.1a (rcs-revision 1.16)
\arrowsize=\dimen168
)
("C:\Users\Lydia\AppData\Local\Programs\MiKTeX 2.9\tex\generic\circuitikz\circu
itikz.code.tex"
\pgf@circ@Rlen=\dimen169

("C:\Users\Lydia\AppData\Local\Programs\MiKTeX 2.9\tex\generic\circuitikz\pgfci
rcutils.tex")
("C:\Users\Lydia\AppData\Local\Programs\MiKTeX 2.9\tex\generic\circuitikz\pgfci
rcmath.tex")
("C:\Users\Lydia\AppData\Local\Programs\MiKTeX 2.9\tex\generic\circuitikz\pgfci
rcshapes.tex")
("C:\Users\Lydia\AppData\Local\Programs\MiKTeX 2.9\tex\generic\circuitikz\pgfci
rcmonopoles.tex")
("C:\Users\Lydia\AppData\Local\Programs\MiKTeX 2.9\tex\generic\circuitikz\pgfci
rcbipoles.tex")
("C:\Users\Lydia\AppData\Local\Programs\MiKTeX 2.9\tex\generic\circuitikz\pgfci
rctripoles.tex")
("C:\Users\Lydia\AppData\Local\Programs\MiKTeX 2.9\tex\generic\circuitikz\pgfci
rcquadpoles.tex")
("C:\Users\Lydia\AppData\Local\Programs\MiKTeX 2.9\tex\generic\circuitikz\pgfci
rcnpoles.tex")
("C:\Users\Lydia\AppData\Local\Programs\MiKTeX 2.9\tex\generic\circuitikz\pgfci
rclabel.tex")
("C:\Users\Lydia\AppData\Local\Programs\MiKTeX 2.9\tex\generic\circuitikz\pgfci
rcvoltage.tex")
("C:\Users\Lydia\AppData\Local\Programs\MiKTeX 2.9\tex\generic\circuitikz\pgfci
rccurrent.tex")
("C:\Users\Lydia\AppData\Local\Programs\MiKTeX 2.9\tex\generic\circuitikz\pgfci
rcinputarrows.tex"))
("C:\Users\Lydia\AppData\Local\Programs\MiKTeX 2.9\tex\generic\circuitikz\circu
itikz1.code.tex"
\pgf@circ@res@up=\dimen170
\pgf@circ@res@down=\dimen171
\pgf@circ@res@zero=\dimen172
\pgf@circ@res@left=\dimen173
\pgf@circ@res@right=\dimen174
\pgf@circ@res@other=\dimen175
\pgf@circ@res@step=\dimen176
\pgf@circ@res@temp=\dimen177
\pgfstartlinewidth=\dimen178
))
("C:\Users\Lydia\AppData\Local\Programs\MiKTeX 2.9\tex\latex\epigraph\epigraph.
sty"
Package: epigraph 2009/09/02 v1.5c typesetting epigraphs
\beforeepigraphskip=\skip46
\afterepigraphskip=\skip47
\epigraphwidth=\skip48
\epigraphrule=\skip49
)
("C:\Users\Lydia\AppData\Local\Programs\MiKTeX 2.9\tex\latex\hyperref\hyperref.
sty"
Package: hyperref 2012/11/06 v6.83m Hypertext links for LaTeX

("C:\Users\Lydia\AppData\Local\Programs\MiKTeX 2.9\tex\generic\oberdiek\hobsub-
hyperref.sty"
Package: hobsub-hyperref 2012/04/25 v1.12 Bundle oberdiek, subset hyperref (HO)


("C:\Users\Lydia\AppData\Local\Programs\MiKTeX 2.9\tex\generic\oberdiek\hobsub-
generic.sty"
Package: hobsub-generic 2012/04/25 v1.12 Bundle oberdiek, subset generic (HO)
Package: hobsub 2012/04/25 v1.12 Construct package bundles (HO)
Package hobsub Info: Skipping package `infwarerr' (already loaded).
Package hobsub Info: Skipping package `ltxcmds' (already loaded).
Package: ifluatex 2010/03/01 v1.3 Provides the ifluatex switch (HO)
Package ifluatex Info: LuaTeX not detected.
Package hobsub Info: Skipping package `ifvtex' (already loaded).
Package: intcalc 2007/09/27 v1.1 Expandable calculations with integers (HO)
Package hobsub Info: Skipping package `ifpdf' (already loaded).
Package: etexcmds 2011/02/16 v1.5 Avoid name clashes with e-TeX commands (HO)
Package etexcmds Info: Could not find \expanded.
(etexcmds)             That can mean that you are not using pdfTeX 1.50 or
(etexcmds)             that some package has redefined \expanded.
(etexcmds)             In the latter case, load this package earlier.
Package: kvsetkeys 2012/04/25 v1.16 Key value parser (HO)
Package: kvdefinekeys 2011/04/07 v1.3 Define keys (HO)
Package: pdftexcmds 2011/11/29 v0.20 Utility functions of pdfTeX for LuaTeX (HO
)
Package pdftexcmds Info: LuaTeX not detected.
Package pdftexcmds Info: \pdf@primitive is available.
Package pdftexcmds Info: \pdf@ifprimitive is available.
Package pdftexcmds Info: \pdfdraftmode found.
Package: pdfescape 2011/11/25 v1.13 Implements pdfTeX's escape features (HO)
Package: bigintcalc 2012/04/08 v1.3 Expandable calculations on big integers (HO
)
Package: bitset 2011/01/30 v1.1 Handle bit-vector datatype (HO)
Package: uniquecounter 2011/01/30 v1.2 Provide unlimited unique counter (HO)
)
Package hobsub Info: Skipping package `hobsub' (already loaded).
Package: letltxmacro 2010/09/02 v1.4 Let assignment for LaTeX macros (HO)
Package: hopatch 2011/06/24 v1.1 Wrapper for package hooks (HO)
Package: xcolor-patch 2011/01/30 xcolor patch
Package: atveryend 2011/06/30 v1.8 Hooks at the very end of document (HO)
Package atveryend Info: \enddocument detected (standard20110627).
Package: atbegshi 2011/10/05 v1.16 At begin shipout hook (HO)
Package: refcount 2011/10/16 v3.4 Data extraction from label references (HO)
Package: hycolor 2011/01/30 v1.7 Color options for hyperref/bookmark (HO)
)
("C:\Users\Lydia\AppData\Local\Programs\MiKTeX 2.9\tex\latex\oberdiek\auxhook.s
ty"
Package: auxhook 2011/03/04 v1.3 Hooks for auxiliary files (HO)
)
("C:\Users\Lydia\AppData\Local\Programs\MiKTeX 2.9\tex\latex\oberdiek\kvoptions
.sty"
Package: kvoptions 2011/06/30 v3.11 Key value format for package options (HO)
)
\@linkdim=\dimen179
\Hy@linkcounter=\count122
\Hy@pagecounter=\count123

("C:\Users\Lydia\AppData\Local\Programs\MiKTeX 2.9\tex\latex\hyperref\pd1enc.de
f"
File: pd1enc.def 2012/11/06 v6.83m Hyperref: PDFDocEncoding definition (HO)
)
\Hy@SavedSpaceFactor=\count124

("C:\Users\Lydia\AppData\Local\Programs\MiKTeX 2.9\tex\latex\00miktex\hyperref.
cfg"
File: hyperref.cfg 2002/06/06 v1.2 hyperref configuration of TeXLive
)
Package hyperref Info: Hyper figures OFF on input line 4443.
Package hyperref Info: Link nesting OFF on input line 4448.
Package hyperref Info: Hyper index ON on input line 4451.
Package hyperref Info: Plain pages OFF on input line 4458.
Package hyperref Info: Backreferencing OFF on input line 4463.
Package hyperref Info: Implicit mode ON; LaTeX internals redefined.
Package hyperref Info: Bookmarks ON on input line 4688.
\c@Hy@tempcnt=\count125
 ("C:\Users\Lydia\AppData\Local\Programs\MiKTeX 2.9\tex\latex\url\url.sty"
\Urlmuskip=\muskip11
Package: url 2013/09/16  ver 3.4  Verb mode for urls, etc.
)
LaTeX Info: Redefining \url on input line 5041.
\XeTeXLinkMargin=\dimen180
\Fld@menulength=\count126
\Field@Width=\dimen181
\Fld@charsize=\dimen182
Package hyperref Info: Hyper figures OFF on input line 6295.
Package hyperref Info: Link nesting OFF on input line 6300.
Package hyperref Info: Hyper index ON on input line 6303.
Package hyperref Info: backreferencing OFF on input line 6310.
Package hyperref Info: Link coloring OFF on input line 6315.
Package hyperref Info: Link coloring with OCG OFF on input line 6320.
Package hyperref Info: PDF/A mode OFF on input line 6325.
LaTeX Info: Redefining \ref on input line 6365.
LaTeX Info: Redefining \pageref on input line 6369.
\Hy@abspage=\count127
\c@Item=\count128
\c@Hfootnote=\count129
)

Package hyperref Message: Driver (autodetected): hpdftex.


("C:\Users\Lydia\AppData\Local\Programs\MiKTeX 2.9\tex\latex\hyperref\hpdftex.d
ef"
File: hpdftex.def 2012/11/06 v6.83m Hyperref driver for pdfTeX
\Fld@listcount=\count130
\c@bookmark@seq@number=\count131

("C:\Users\Lydia\AppData\Local\Programs\MiKTeX 2.9\tex\latex\oberdiek\rerunfile
check.sty"
Package: rerunfilecheck 2011/04/15 v1.7 Rerun checks for auxiliary files (HO)
Package uniquecounter Info: New unique counter `rerunfilecheck' on input line 2
82.
)
\Hy@SectionHShift=\skip50
)
("C:\Users\Lydia\AppData\Local\Programs\MiKTeX 2.9\tex\latex\multirow\multirow.
sty"
\bigstrutjot=\dimen183
)
("C:\Users\Lydia\AppData\Local\Programs\MiKTeX 2.9\tex\latex\caption\caption.st
y"
Package: caption 2016/02/21 v3.3-144 Customizing captions (AR)

("C:\Users\Lydia\AppData\Local\Programs\MiKTeX 2.9\tex\latex\caption\caption3.s
ty"
Package: caption3 2016/02/04 v1.7-139 caption3 kernel (AR)
Package caption3 Info: TeX engine: e-TeX on input line 67.
\captionmargin=\dimen184
\captionmargin@=\dimen185
\captionwidth=\dimen186
\caption@tempdima=\dimen187
\caption@indent=\dimen188
\caption@parindent=\dimen189
\caption@hangindent=\dimen190
)
\c@ContinuedFloat=\count132
Package caption Info: hyperref package is loaded.
)
("C:\Users\Lydia\AppData\Local\Programs\MiKTeX 2.9\tex\latex\caption\subcaption
.sty"
Package: subcaption 2016/02/20 v1.1-142 Sub-captions (AR)
\c@subfigure=\count133
\c@subtable=\count134
)
("C:\Users\Lydia\AppData\Local\Programs\MiKTeX 2.9\tex\latex\chngcntr\chngcntr.
sty"
Package: chngcntr 2009/09/02 v1.0a change counter resetting
)
("C:\Users\Lydia\AppData\Local\Programs\MiKTeX 2.9\tex\latex\subfiles\subfiles.
sty"
Package: subfiles 2012/05/23 Federico Garcia

("C:\Users\Lydia\AppData\Local\Programs\MiKTeX 2.9\tex\latex\tools\verbatim.sty
"
Package: verbatim 2014/10/28 v1.5q LaTeX2e package for verbatim enhancements
\every@verbatim=\toks33
\verbatim@line=\toks34
\verbatim@in@stream=\read2
))
("C:\Users\Lydia\AppData\Local\Programs\MiKTeX 2.9\tex\latex\oberdiek\epstopdf.
sty"
Package: epstopdf 2010/02/09 v2.5 Conversion with epstopdf on the fly (HO)

("C:\Users\Lydia\AppData\Local\Programs\MiKTeX 2.9\tex\latex\oberdiek\epstopdf-
base.sty"
Package: epstopdf-base 2010/02/09 v2.5 Base part for package epstopdf

("C:\Users\Lydia\AppData\Local\Programs\MiKTeX 2.9\tex\latex\oberdiek\grfext.st
y"
Package: grfext 2010/08/19 v1.1 Manage graphics extensions (HO)
)
Package grfext Info: Graphics extension search list:
(grfext)             [.png,.pdf,.jpg,.mps,.jpeg,.jbig2,.jb2,.PNG,.PDF,.JPG,.JPE
G,.JBIG2,.JB2,.eps]
(grfext)             \AppendGraphicsExtensions on input line 452.
))
("C:\Users\Lydia\AppData\Local\Programs\MiKTeX 2.9\tex\latex\tools\tabularx.sty
"
Package: tabularx 2014/10/28 v2.10 `tabularx' package (DPC)
 ("C:\Users\Lydia\AppData\Local\Programs\MiKTeX 2.9\tex\latex\tools\array.sty"
Package: array 2014/10/28 v2.4c Tabular extension package (FMi)
\col@sep=\dimen191
\extrarowheight=\dimen192
\NC@list=\toks35
\extratabsurround=\skip51
\backup@length=\skip52
)
\TX@col@width=\dimen193
\TX@old@table=\dimen194
\TX@old@col=\dimen195
\TX@target=\dimen196
\TX@delta=\dimen197
\TX@cols=\count135
\TX@ftn=\toks36
)
("C:\Users\Lydia\AppData\Local\Programs\MiKTeX 2.9\tex\latex\booktabs\booktabs.
sty"
Package: booktabs 2005/04/14 v1.61803 publication quality tables
\heavyrulewidth=\dimen198
\lightrulewidth=\dimen199
\cmidrulewidth=\dimen256
\belowrulesep=\dimen257
\belowbottomsep=\dimen258
\aboverulesep=\dimen259
\abovetopsep=\dimen260
\cmidrulesep=\dimen261
\cmidrulekern=\dimen262
\defaultaddspace=\dimen263
\@cmidla=\count136
\@cmidlb=\count137
\@aboverulesep=\dimen264
\@belowrulesep=\dimen265
\@thisruleclass=\count138
\@lastruleclass=\count139
\@thisrulewidth=\dimen266
)
("C:\Users\Lydia\AppData\Local\Programs\MiKTeX 2.9\tex\latex\placeins\placeins.
sty"
Package: placeins 2005/04/18  v 2.2
) ("C:\Users\Lydia\AppData\Local\Programs\MiKTeX 2.9\tex\latex\tools\bm.sty"
Package: bm 2014/10/28 v1.1c Bold Symbol Support (DPC/FMi)
\symboldoperators=\mathgroup4
\symboldletters=\mathgroup5
\symboldsymbols=\mathgroup6
LaTeX Font Info:    Redeclaring math alphabet \mathbf on input line 141.
LaTeX Info: Redefining \bm on input line 207.
)
("C:\Users\Lydia\AppData\Local\Programs\MiKTeX 2.9\tex\latex\algorithms\algorit
hm.sty"
Package: algorithm 2009/08/24 v0.1 Document Style `algorithm' - floating enviro
nment

("C:\Users\Lydia\AppData\Local\Programs\MiKTeX 2.9\tex\latex\float\float.sty"
Package: float 2001/11/08 v1.3d Float enhancements (AL)
\c@float@type=\count140
\float@exts=\toks37
\float@box=\box39
\@float@everytoks=\toks38
\@floatcapt=\box40
)
("C:\Users\Lydia\AppData\Local\Programs\MiKTeX 2.9\tex\latex\base\ifthen.sty"
Package: ifthen 2014/09/29 v1.1c Standard LaTeX ifthen package (DPC)
)
\@float@every@algorithm=\toks39
\c@algorithm=\count141
)
("C:\Users\Lydia\AppData\Local\Programs\MiKTeX 2.9\tex\latex\algorithmicx\algps
eudocode.sty"
Package: algpseudocode 

("C:\Users\Lydia\AppData\Local\Programs\MiKTeX 2.9\tex\latex\algorithmicx\algor
ithmicx.sty"
Package: algorithmicx 2005/04/27 v1.2 Algorithmicx

Document Style algorithmicx 1.2 - a greatly improved `algorithmic' style
\c@ALG@line=\count142
\c@ALG@rem=\count143
\c@ALG@nested=\count144
\ALG@tlm=\skip53
\ALG@thistlm=\skip54
\c@ALG@Lnr=\count145
\c@ALG@blocknr=\count146
\c@ALG@storecount=\count147
\c@ALG@tmpcounter=\count148
\ALG@tmplength=\skip55
)
Document Style - pseudocode environments for use with the `algorithmicx' style
)
("C:\Users\Lydia\AppData\Local\Programs\MiKTeX 2.9\tex\latex\amsfonts\amsfonts.
sty"
Package: amsfonts 2013/01/14 v3.01 Basic AMSFonts support
\symAMSa=\mathgroup7
\symAMSb=\mathgroup8
LaTeX Font Info:    Overwriting math alphabet `\mathfrak' in version `bold'
(Font)                  U/euf/m/n --> U/euf/b/n on input line 106.
)
("C:\Users\Lydia\AppData\Local\Programs\MiKTeX 2.9\tex\latex\fancyhdr\fancyhdr.
sty"
\fancy@headwidth=\skip56
\f@ncyO@elh=\skip57
\f@ncyO@erh=\skip58
\f@ncyO@olh=\skip59
\f@ncyO@orh=\skip60
\f@ncyO@elf=\skip61
\f@ncyO@erf=\skip62
\f@ncyO@olf=\skip63
\f@ncyO@orf=\skip64
)
("C:\Users\Lydia\AppData\Local\Programs\MiKTeX 2.9\tex\latex\tools\indentfirst.
sty"
Package: indentfirst 1995/11/23 v1.03 Indent first paragraph (DPC)
)
\normalparindent=\skip65

("C:\Users\Lydia\AppData\Local\Programs\MiKTeX 2.9\tex\latex\titlesec\titlesec.
sty"
Package: titlesec 2011/12/15 v2.10.0 Sectioning titles
\ttl@box=\box41
\beforetitleunit=\skip66
\aftertitleunit=\skip67
\ttl@plus=\dimen267
\ttl@minus=\dimen268
\ttl@toksa=\toks40
\titlewidth=\dimen269
\titlewidthlast=\dimen270
\titlewidthfirst=\dimen271
)
("C:\Users\Lydia\AppData\Local\Programs\MiKTeX 2.9\tex\latex\bold-extra\bold-ex
tra.sty"
Package: bold-extra 2001/11/13 v0.1 Use fonts from cm/mf-extra/bold
) (mcode.sty
-- Package: `mcode' 2.5 <2014/03/06> --
Package: mcode 2014/03/06 2.5
 - settings optimized for display (colour formating)
 - framed listings

("C:\Users\Lydia\AppData\Local\Programs\MiKTeX 2.9\tex\latex\listings\listings.
sty"
\lst@mode=\count149
\lst@gtempboxa=\box42
\lst@token=\toks41
\lst@length=\count150
\lst@currlwidth=\dimen272
\lst@column=\count151
\lst@pos=\count152
\lst@lostspace=\dimen273
\lst@width=\dimen274
\lst@newlines=\count153
\lst@lineno=\count154
\lst@maxwidth=\dimen275

("C:\Users\Lydia\AppData\Local\Programs\MiKTeX 2.9\tex\latex\listings\lstmisc.s
ty"
File: lstmisc.sty 2015/06/04 1.6 (Carsten Heinz)
\c@lstnumber=\count155
\lst@skipnumbers=\count156
\lst@framebox=\box43
)
("C:\Users\Lydia\AppData\Local\Programs\MiKTeX 2.9\tex\latex\listings\listings.
cfg"
File: listings.cfg 2015/06/04 1.6 listings configuration
))
Package: listings 2015/06/04 1.6 (Carsten Heinz)

("C:\Users\Lydia\AppData\Local\Programs\MiKTeX 2.9\tex\latex\base\textcomp.sty"
Package: textcomp 2005/09/27 v1.99g Standard LaTeX package
Package textcomp Info: Sub-encoding information:
(textcomp)               5 = only ISO-Adobe without \textcurrency
(textcomp)               4 = 5 + \texteuro
(textcomp)               3 = 4 + \textohm
(textcomp)               2 = 3 + \textestimated + \textcurrency
(textcomp)               1 = TS1 - \textcircled - \t
(textcomp)               0 = TS1 (full)
(textcomp)             Font families with sub-encoding setting implement
(textcomp)             only a restricted character set as indicated.
(textcomp)             Family '?' is the default used for unknown fonts.
(textcomp)             See the documentation for details.
Package textcomp Info: Setting ? sub-encoding to TS1/1 on input line 79.
("C:\Users\Lydia\AppData\Local\Programs\MiKTeX 2.9\tex\latex\base\ts1enc.def"
File: ts1enc.def 2001/06/05 v3.0e (jk/car/fm) Standard LaTeX file
)
LaTeX Info: Redefining \oldstylenums on input line 334.
Package textcomp Info: Setting cmr sub-encoding to TS1/0 on input line 349.
Package textcomp Info: Setting cmss sub-encoding to TS1/0 on input line 350.
Package textcomp Info: Setting cmtt sub-encoding to TS1/0 on input line 351.
Package textcomp Info: Setting cmvtt sub-encoding to TS1/0 on input line 352.
Package textcomp Info: Setting cmbr sub-encoding to TS1/0 on input line 353.
Package textcomp Info: Setting cmtl sub-encoding to TS1/0 on input line 354.
Package textcomp Info: Setting ccr sub-encoding to TS1/0 on input line 355.
Package textcomp Info: Setting ptm sub-encoding to TS1/4 on input line 356.
Package textcomp Info: Setting pcr sub-encoding to TS1/4 on input line 357.
Package textcomp Info: Setting phv sub-encoding to TS1/4 on input line 358.
Package textcomp Info: Setting ppl sub-encoding to TS1/3 on input line 359.
Package textcomp Info: Setting pag sub-encoding to TS1/4 on input line 360.
Package textcomp Info: Setting pbk sub-encoding to TS1/4 on input line 361.
Package textcomp Info: Setting pnc sub-encoding to TS1/4 on input line 362.
Package textcomp Info: Setting pzc sub-encoding to TS1/4 on input line 363.
Package textcomp Info: Setting bch sub-encoding to TS1/4 on input line 364.
Package textcomp Info: Setting put sub-encoding to TS1/5 on input line 365.
Package textcomp Info: Setting uag sub-encoding to TS1/5 on input line 366.
Package textcomp Info: Setting ugq sub-encoding to TS1/5 on input line 367.
Package textcomp Info: Setting ul8 sub-encoding to TS1/4 on input line 368.
Package textcomp Info: Setting ul9 sub-encoding to TS1/4 on input line 369.
Package textcomp Info: Setting augie sub-encoding to TS1/5 on input line 370.
Package textcomp Info: Setting dayrom sub-encoding to TS1/3 on input line 371.
Package textcomp Info: Setting dayroms sub-encoding to TS1/3 on input line 372.

Package textcomp Info: Setting pxr sub-encoding to TS1/0 on input line 373.
Package textcomp Info: Setting pxss sub-encoding to TS1/0 on input line 374.
Package textcomp Info: Setting pxtt sub-encoding to TS1/0 on input line 375.
Package textcomp Info: Setting txr sub-encoding to TS1/0 on input line 376.
Package textcomp Info: Setting txss sub-encoding to TS1/0 on input line 377.
Package textcomp Info: Setting txtt sub-encoding to TS1/0 on input line 378.
Package textcomp Info: Setting lmr sub-encoding to TS1/0 on input line 379.
Package textcomp Info: Setting lmdh sub-encoding to TS1/0 on input line 380.
Package textcomp Info: Setting lmss sub-encoding to TS1/0 on input line 381.
Package textcomp Info: Setting lmssq sub-encoding to TS1/0 on input line 382.
Package textcomp Info: Setting lmvtt sub-encoding to TS1/0 on input line 383.
Package textcomp Info: Setting lmtt sub-encoding to TS1/0 on input line 384.
Package textcomp Info: Setting qhv sub-encoding to TS1/0 on input line 385.
Package textcomp Info: Setting qag sub-encoding to TS1/0 on input line 386.
Package textcomp Info: Setting qbk sub-encoding to TS1/0 on input line 387.
Package textcomp Info: Setting qcr sub-encoding to TS1/0 on input line 388.
Package textcomp Info: Setting qcs sub-encoding to TS1/0 on input line 389.
Package textcomp Info: Setting qpl sub-encoding to TS1/0 on input line 390.
Package textcomp Info: Setting qtm sub-encoding to TS1/0 on input line 391.
Package textcomp Info: Setting qzc sub-encoding to TS1/0 on input line 392.
Package textcomp Info: Setting qhvc sub-encoding to TS1/0 on input line 393.
Package textcomp Info: Setting futs sub-encoding to TS1/4 on input line 394.
Package textcomp Info: Setting futx sub-encoding to TS1/4 on input line 395.
Package textcomp Info: Setting futj sub-encoding to TS1/4 on input line 396.
Package textcomp Info: Setting hlh sub-encoding to TS1/3 on input line 397.
Package textcomp Info: Setting hls sub-encoding to TS1/3 on input line 398.
Package textcomp Info: Setting hlst sub-encoding to TS1/3 on input line 399.
Package textcomp Info: Setting hlct sub-encoding to TS1/5 on input line 400.
Package textcomp Info: Setting hlx sub-encoding to TS1/5 on input line 401.
Package textcomp Info: Setting hlce sub-encoding to TS1/5 on input line 402.
Package textcomp Info: Setting hlcn sub-encoding to TS1/5 on input line 403.
Package textcomp Info: Setting hlcw sub-encoding to TS1/5 on input line 404.
Package textcomp Info: Setting hlcf sub-encoding to TS1/5 on input line 405.
Package textcomp Info: Setting pplx sub-encoding to TS1/3 on input line 406.
Package textcomp Info: Setting pplj sub-encoding to TS1/3 on input line 407.
Package textcomp Info: Setting ptmx sub-encoding to TS1/4 on input line 408.
Package textcomp Info: Setting ptmj sub-encoding to TS1/4 on input line 409.
)) (Space3_Assign3.aux

LaTeX Warning: Label `Fig:A*eu' multiply defined.

)
\openout1 = `Space3_Assign3.aux'.

LaTeX Font Info:    Checking defaults for OML/cmm/m/it on input line 117.
LaTeX Font Info:    ... okay on input line 117.
LaTeX Font Info:    Checking defaults for T1/cmr/m/n on input line 117.
LaTeX Font Info:    ... okay on input line 117.
LaTeX Font Info:    Checking defaults for OT1/cmr/m/n on input line 117.
LaTeX Font Info:    ... okay on input line 117.
LaTeX Font Info:    Checking defaults for OMS/cmsy/m/n on input line 117.
LaTeX Font Info:    ... okay on input line 117.
LaTeX Font Info:    Checking defaults for OMX/cmex/m/n on input line 117.
LaTeX Font Info:    ... okay on input line 117.
LaTeX Font Info:    Checking defaults for U/cmr/m/n on input line 117.
LaTeX Font Info:    ... okay on input line 117.
LaTeX Font Info:    Checking defaults for PD1/pdf/m/n on input line 117.
LaTeX Font Info:    ... okay on input line 117.
LaTeX Font Info:    Checking defaults for TS1/cmr/m/n on input line 117.
LaTeX Font Info:    Try loading font information for TS1+cmr on input line 117.

 ("C:\Users\Lydia\AppData\Local\Programs\MiKTeX 2.9\tex\latex\base\ts1cmr.fd"
File: ts1cmr.fd 2014/09/29 v2.5h Standard LaTeX font definitions
)
LaTeX Font Info:    ... okay on input line 117.
*geometry* driver: auto-detecting
*geometry* detected driver: pdftex
*geometry* verbose mode - [ preamble ] result:
* driver: pdftex
* paper: a4paper
* layout: <same size as paper>
* layoutoffset:(h,v)=(0.0pt,0.0pt)
* modes: 
* h-part:(L,W,R)=(56.9055pt, 483.69687pt, 56.9055pt)
* v-part:(T,H,B)=(71.13188pt, 717.00946pt, 56.9055pt)
* \paperwidth=597.50787pt
* \paperheight=845.04684pt
* \textwidth=483.69687pt
* \textheight=717.00946pt
* \oddsidemargin=-15.36449pt
* \evensidemargin=-15.36449pt
* \topmargin=-38.1381pt
* \headheight=12.0pt
* \headsep=25.0pt
* \topskip=11.0pt
* \footskip=30.0pt
* \marginparwidth=50.0pt
* \marginparsep=10.0pt
* \columnsep=10.0pt
* \skip\footins=10.0pt plus 4.0pt minus 2.0pt
* \hoffset=0.0pt
* \voffset=0.0pt
* \mag=1000
* \@twocolumnfalse
* \@twosidefalse
* \@mparswitchfalse
* \@reversemarginfalse
* (1in=72.27pt=25.4mm, 1cm=28.453pt)

ABD: EveryShipout initializing macros
("C:\Users\Lydia\AppData\Local\Programs\MiKTeX 2.9\tex\context\base\supp-pdf.mk
ii"
[Loading MPS to PDF converter (version 2006.09.02).]
\scratchcounter=\count157
\scratchdimen=\dimen276
\scratchbox=\box44
\nofMPsegments=\count158
\nofMParguments=\count159
\everyMPshowfont=\toks42
\MPscratchCnt=\count160
\MPscratchDim=\dimen277
\MPnumerator=\count161
\makeMPintoPDFobject=\count162
\everyMPtoPDFconversion=\toks43
)
\AtBeginShipoutBox=\box45
Package hyperref Info: Link coloring OFF on input line 117.

("C:\Users\Lydia\AppData\Local\Programs\MiKTeX 2.9\tex\latex\hyperref\nameref.s
ty"
Package: nameref 2012/10/27 v2.43 Cross-referencing by name of section

("C:\Users\Lydia\AppData\Local\Programs\MiKTeX 2.9\tex\generic\oberdiek\gettitl
estring.sty"
Package: gettitlestring 2010/12/03 v1.4 Cleanup title references (HO)
)
\c@section@level=\count163
)
LaTeX Info: Redefining \ref on input line 117.
LaTeX Info: Redefining \pageref on input line 117.
LaTeX Info: Redefining \nameref on input line 117.
 (Space3_Assign3.out) (Space3_Assign3.out)
\@outlinefile=\write4
\openout4 = `Space3_Assign3.out'.

Package caption Info: Begin \AtBeginDocument code.
Package caption Info: float package is loaded.
Package caption Info: listings package is loaded.
Package caption Info: End \AtBeginDocument code.
\c@lstlisting=\count164
*geometry* verbose mode - [ newgeometry ] result:
* driver: pdftex
* paper: a4paper
* layout: <same size as paper>
* layoutoffset:(h,v)=(0.0pt,0.0pt)
* modes: 
* h-part:(L,W,R)=(85.35826pt, 426.79135pt, 85.35826pt)
* v-part:(T,H,B)=(105.2751pt, 625.96072pt, 113.81102pt)
* \paperwidth=597.50787pt
* \paperheight=845.04684pt
* \textwidth=426.79135pt
* \textheight=625.96072pt
* \oddsidemargin=13.08827pt
* \evensidemargin=13.08827pt
* \topmargin=-3.99489pt
* \headheight=12.0pt
* \headsep=25.0pt
* \topskip=11.0pt
* \footskip=30.0pt
* \marginparwidth=50.0pt
* \marginparsep=10.0pt
* \columnsep=10.0pt
* \skip\footins=10.0pt plus 4.0pt minus 2.0pt
* \hoffset=0.0pt
* \voffset=0.0pt
* \mag=1000
* \@twocolumnfalse
* \@twosidefalse
* \@mparswitchfalse
* \@reversemarginfalse
* (1in=72.27pt=25.4mm, 1cm=28.453pt)


<./IMAGEtitle2f.jpg, id=106, 181.6386pt x 542.025pt>
File: ./IMAGEtitle2f.jpg Graphic file (type jpg)
 <use ./IMAGEtitle2f.jpg>
Package pdftex.def Info: ./IMAGEtitle2f.jpg used on input line 121.
(pdftex.def)             Requested size: 283.19429pt x 845.04684pt.
LaTeX Font Info:    Font shape `OT1/cmr/bx/sc' in size <24.88> not available
(Font)              Font shape `OT1/cmr/b/sc' tried instead on input line 132.
LaTeX Font Info:    Try loading font information for U+msa on input line 134.

("C:\Users\Lydia\AppData\Local\Programs\MiKTeX 2.9\tex\latex\amsfonts\umsa.fd"
File: umsa.fd 2013/01/14 v3.01 AMS symbols A
)
LaTeX Font Info:    Try loading font information for U+msb on input line 134.
("C:\Users\Lydia\AppData\Local\Programs\MiKTeX 2.9\tex\latex\amsfonts\umsb.fd"
File: umsb.fd 2013/01/14 v3.01 AMS symbols B
) [1


{C:/Users/Lydia/AppData/Local/MiKTeX/2.9/pdftex/config/pdftex.map} <./IMAGEtitl
e2f.jpg>]
*geometry* verbose mode - [ newgeometry ] result:
* driver: pdftex
* paper: a4paper
* layout: <same size as paper>
* layoutoffset:(h,v)=(0.0pt,0.0pt)
* modes: 
* h-part:(L,W,R)=(56.9055pt, 483.69687pt, 56.9055pt)
* v-part:(T,H,B)=(71.13188pt, 717.00946pt, 56.9055pt)
* \paperwidth=597.50787pt
* \paperheight=845.04684pt
* \textwidth=483.69687pt
* \textheight=717.00946pt
* \oddsidemargin=-15.36449pt
* \evensidemargin=-15.36449pt
* \topmargin=-38.1381pt
* \headheight=12.0pt
* \headsep=25.0pt
* \topskip=11.0pt
* \footskip=30.0pt
* \marginparwidth=50.0pt
* \marginparsep=10.0pt
* \columnsep=10.0pt
* \skip\footins=10.0pt plus 4.0pt minus 2.0pt
* \hoffset=0.0pt
* \voffset=0.0pt
* \mag=1000
* \@twocolumnfalse
* \@twosidefalse
* \@mparswitchfalse
* \@reversemarginfalse
* (1in=72.27pt=25.4mm, 1cm=28.453pt)

 <./Plag.pdf, id=117, 597.19112pt x 845.19763pt>
File: ./Plag.pdf Graphic file (type pdf)
 <use ./Plag.pdf>
Package pdftex.def Info: ./Plag.pdf used on input line 157.
(pdftex.def)             Requested size: 478.86255pt x 677.71953pt.
LaTeX Font Info:    Font shape `OT1/cmr/bx/sc' in size <17.28> not available
(Font)              Font shape `OT1/cmr/b/sc' tried instead on input line 163.

(Space3_Assign3.toc

Package Fancyhdr Warning: \headheight is too small (12.0pt): 
 Make it at least 13.59999pt.
 We now make it that large for the rest of the document.
 This may cause the page layout to be inconsistent, however.

pdfTeX warning (ext4): destination with the same identifier (name{page.i}) has 
been already used, duplicate ignored
<to be read again> 
                   \relax 
l.2 ...rline {1.1}Introduction}{1}{subsection.1.1}
                                                   [1

 <./Plag.pdf>])
\tf@toc=\write5
\openout5 = `Space3_Assign3.toc'.


(Space3_Assign3.lof

LaTeX Warning: Hyper reference `Sec:trav' on page ii undefined on input line 3.



LaTeX Warning: Reference `Sec:trav' on page ii undefined on input line 3.


LaTeX Warning: Reference `Sec:trav' on page ii undefined on input line 3.


LaTeX Warning: Hyper reference `Sec:terrain' on page ii undefined on input line
 7.


LaTeX Warning: Reference `Sec:terrain' on page ii undefined on input line 7.


LaTeX Warning: Reference `Sec:terrain' on page ii undefined on input line 7.

)
\tf@lof=\write6
\openout6 = `Space3_Assign3.lof'.

 (Space3_Assign3.lot)
\tf@lot=\write7
\openout7 = `Space3_Assign3.lot'.

 [2] (Ques1.tex
Underfull \hbox (badness 10000) in paragraph at lines 16--18

 []


Underfull \hbox (badness 10000) in paragraph at lines 35--38

 []

[1]
Package hyperref Info: bookmark level for unknown algorithm defaults to 0 on in
put line 75.
 [2]
Overfull \hbox (10.00317pt too wide) in paragraph at lines 150--168
 [][] 
 []


LaTeX Warning: `h' float specifier changed to `ht'.

) (Ques2.tex [3]

LaTeX Warning: `h' float specifier changed to `ht'.

[4]) [5] (AppendixA.tex
Package epstopdf Info: Source file: <generategrid.eps>
(epstopdf)                    date: 2016-05-18 15:32:57
(epstopdf)                    size: 21106 bytes
(epstopdf)             Output file: <generategrid-eps-converted-to.pdf>
(epstopdf)                    date: 2016-05-18 15:36:19
(epstopdf)                    size: 4077 bytes
(epstopdf)             Command: <epstopdf --outfile=generategrid-eps-converted-
to.pdf generategrid.eps>
(epstopdf)             \includegraphics on input line 9.
Package epstopdf Info: Output file is already uptodate.

<generategrid-eps-converted-to.pdf, id=252, 421.575pt x 316.18124pt>
File: generategrid-eps-converted-to.pdf Graphic file (type pdf)

<use generategrid-eps-converted-to.pdf>
Package pdftex.def Info: generategrid-eps-converted-to.pdf used on input line 9
.
(pdftex.def)             Requested size: 338.58632pt x 253.944pt.
Package epstopdf Info: Source file: <generateobstacles.eps>
(epstopdf)                    date: 2016-05-18 17:12:53
(epstopdf)                    size: 21213 bytes
(epstopdf)             Output file: <generateobstacles-eps-converted-to.pdf>
(epstopdf)                    date: 2016-05-18 17:15:21
(epstopdf)                    size: 4177 bytes
(epstopdf)             Command: <epstopdf --outfile=generateobstacles-eps-conve
rted-to.pdf generateobstacles.eps>
(epstopdf)             \includegraphics on input line 16.
Package epstopdf Info: Output file is already uptodate.

<generateobstacles-eps-converted-to.pdf, id=255, 421.575pt x 316.18124pt>
File: generateobstacles-eps-converted-to.pdf Graphic file (type pdf)

<use generateobstacles-eps-converted-to.pdf>
Package pdftex.def Info: generateobstacles-eps-converted-to.pdf used on input l
ine 16.
(pdftex.def)             Requested size: 338.58632pt x 253.944pt.


LaTeX Warning: `h' float specifier changed to `ht'.


LaTeX Warning: Hyper reference `Sec:trav' on page 6 undefined on input line 21.



LaTeX Warning: Reference `Sec:trav' on page 6 undefined on input line 21.


LaTeX Warning: Reference `Sec:trav' on page 6 undefined on input line 21.


LaTeX Warning: Hyper reference `Sec:trav' on page 6 undefined on input line 21.



LaTeX Warning: Reference `Sec:trav' on page 6 undefined on input line 21.


LaTeX Warning: Reference `Sec:trav' on page 6 undefined on input line 21.

Package epstopdf Info: Source file: <trav.eps>
(epstopdf)                    date: 2016-05-19 19:23:16
(epstopdf)                    size: 28958 bytes
(epstopdf)             Output file: <trav-eps-converted-to.pdf>
(epstopdf)                    date: 2016-05-20 00:05:25
(epstopdf)                    size: 7604 bytes
(epstopdf)             Command: <epstopdf --outfile=trav-eps-converted-to.pdf t
rav.eps>
(epstopdf)             \includegraphics on input line 23.
Package epstopdf Info: Output file is already uptodate.
<trav-eps-converted-to.pdf, id=256, 421.575pt x 316.18124pt>
File: trav-eps-converted-to.pdf Graphic file (type pdf)

<use trav-eps-converted-to.pdf>
Package pdftex.def Info: trav-eps-converted-to.pdf used on input line 23.
(pdftex.def)             Requested size: 338.58632pt x 253.944pt.


LaTeX Warning: `h' float specifier changed to `ht'.

Package epstopdf Info: Source file: <DijkstraMap.eps>
(epstopdf)                    date: 2016-05-19 19:18:06
(epstopdf)                    size: 28047 bytes
(epstopdf)             Output file: <DijkstraMap-eps-converted-to.pdf>
(epstopdf)                    date: 2016-05-19 19:42:48
(epstopdf)                    size: 4469 bytes
(epstopdf)             Command: <epstopdf --outfile=DijkstraMap-eps-converted-t
o.pdf DijkstraMap.eps>
(epstopdf)             \includegraphics on input line 30.
Package epstopdf Info: Output file is already uptodate.
<DijkstraMap-eps-converted-to.pdf, id=259, 421.575pt x 316.18124pt>
File: DijkstraMap-eps-converted-to.pdf Graphic file (type pdf)

<use DijkstraMap-eps-converted-to.pdf>
Package pdftex.def Info: DijkstraMap-eps-converted-to.pdf used on input line 30
.
(pdftex.def)             Requested size: 338.58632pt x 253.944pt.


LaTeX Warning: `h' float specifier changed to `ht'.


LaTeX Warning: Hyper reference `Sec:terrain' on page 6 undefined on input line 
35.


LaTeX Warning: Reference `Sec:terrain' on page 6 undefined on input line 35.


LaTeX Warning: Reference `Sec:terrain' on page 6 undefined on input line 35.


LaTeX Warning: Hyper reference `Sec:terrain' on page 6 undefined on input line 
35.


LaTeX Warning: Reference `Sec:terrain' on page 6 undefined on input line 35.


LaTeX Warning: Reference `Sec:terrain' on page 6 undefined on input line 35.

Package epstopdf Info: Source file: <Dijstra_terrain.eps>
(epstopdf)                    date: 2016-05-20 01:09:11
(epstopdf)                    size: 821314 bytes
(epstopdf)             Output file: <Dijstra_terrain-eps-converted-to.pdf>
(epstopdf)                    date: 2016-05-20 01:14:23
(epstopdf)                    size: 61375 bytes
(epstopdf)             Command: <epstopdf --outfile=Dijstra_terrain-eps-convert
ed-to.pdf Dijstra_terrain.eps>
(epstopdf)             \includegraphics on input line 37.
Package epstopdf Info: Output file is already uptodate.
<Dijstra_terrain-eps-converted-to.pdf, id=260, 421.575pt x 316.18124pt>
File: Dijstra_terrain-eps-converted-to.pdf Graphic file (type pdf)

<use Dijstra_terrain-eps-converted-to.pdf>
Package pdftex.def Info: Dijstra_terrain-eps-converted-to.pdf used on input lin
e 37.
(pdftex.def)             Requested size: 338.58632pt x 253.944pt.


LaTeX Warning: `h' float specifier changed to `ht'.

Package epstopdf Info: Source file: <Astar_euc_1.eps>
(epstopdf)                    date: 2016-05-19 22:15:25
(epstopdf)                    size: 34464 bytes
(epstopdf)             Output file: <Astar_euc_1-eps-converted-to.pdf>
(epstopdf)                    date: 2016-05-19 22:15:44
(epstopdf)                    size: 5275 bytes
(epstopdf)             Command: <epstopdf --outfile=Astar_euc_1-eps-converted-t
o.pdf Astar_euc_1.eps>
(epstopdf)             \includegraphics on input line 46.
Package epstopdf Info: Output file is already uptodate.
<Astar_euc_1-eps-converted-to.pdf, id=261, 421.575pt x 316.18124pt>
File: Astar_euc_1-eps-converted-to.pdf Graphic file (type pdf)

<use Astar_euc_1-eps-converted-to.pdf>
Package pdftex.def Info: Astar_euc_1-eps-converted-to.pdf used on input line 46
.
(pdftex.def)             Requested size: 237.01411pt x 177.76466pt.
Package epstopdf Info: Source file: <Astar_euc_10.eps>
(epstopdf)                    date: 2016-05-19 22:14:55
(epstopdf)                    size: 34095 bytes
(epstopdf)             Output file: <Astar_euc_10-eps-converted-to.pdf>
(epstopdf)                    date: 2016-05-19 22:15:45
(epstopdf)                    size: 5249 bytes
(epstopdf)             Command: <epstopdf --outfile=Astar_euc_10-eps-converted-
to.pdf Astar_euc_10.eps>
(epstopdf)             \includegraphics on input line 49.
Package epstopdf Info: Output file is already uptodate.

<Astar_euc_10-eps-converted-to.pdf, id=262, 421.575pt x 316.18124pt>
File: Astar_euc_10-eps-converted-to.pdf Graphic file (type pdf)

<use Astar_euc_10-eps-converted-to.pdf>
Package pdftex.def Info: Astar_euc_10-eps-converted-to.pdf used on input line 4
9.
(pdftex.def)             Requested size: 237.01411pt x 177.76466pt.
Package epstopdf Info: Source file: <Astar_euc_25.eps>
(epstopdf)                    date: 2016-05-19 22:12:18
(epstopdf)                    size: 33144 bytes
(epstopdf)             Output file: <Astar_euc_25-eps-converted-to.pdf>
(epstopdf)                    date: 2016-05-19 22:13:45
(epstopdf)                    size: 5253 bytes
(epstopdf)             Command: <epstopdf --outfile=Astar_euc_25-eps-converted-
to.pdf Astar_euc_25.eps>
(epstopdf)             \includegraphics on input line 52.
Package epstopdf Info: Output file is already uptodate.

<Astar_euc_25-eps-converted-to.pdf, id=263, 421.575pt x 316.18124pt>
File: Astar_euc_25-eps-converted-to.pdf Graphic file (type pdf)

<use Astar_euc_25-eps-converted-to.pdf>
Package pdftex.def Info: Astar_euc_25-eps-converted-to.pdf used on input line 5
2.
(pdftex.def)             Requested size: 237.01411pt x 177.76466pt.
Package epstopdf Info: Source file: <Astar_euc_50.eps>
(epstopdf)                    date: 2016-05-19 22:14:25
(epstopdf)                    size: 31642 bytes
(epstopdf)             Output file: <Astar_euc_50-eps-converted-to.pdf>
(epstopdf)                    date: 2016-05-19 22:15:45
(epstopdf)                    size: 5222 bytes
(epstopdf)             Command: <epstopdf --outfile=Astar_euc_50-eps-converted-
to.pdf Astar_euc_50.eps>
(epstopdf)             \includegraphics on input line 55.
Package epstopdf Info: Output file is already uptodate.

<Astar_euc_50-eps-converted-to.pdf, id=264, 421.575pt x 316.18124pt>
File: Astar_euc_50-eps-converted-to.pdf Graphic file (type pdf)

<use Astar_euc_50-eps-converted-to.pdf>
Package pdftex.def Info: Astar_euc_50-eps-converted-to.pdf used on input line 5
5.
(pdftex.def)             Requested size: 237.01411pt x 177.76466pt.
Package epstopdf Info: Source file: <Astar_euc_75.eps>
(epstopdf)                    date: 2016-05-19 22:06:48
(epstopdf)                    size: 28848 bytes
(epstopdf)             Output file: <Astar_euc_75-eps-converted-to.pdf>
(epstopdf)                    date: 2016-05-19 22:10:26
(epstopdf)                    size: 5151 bytes
(epstopdf)             Command: <epstopdf --outfile=Astar_euc_75-eps-converted-
to.pdf Astar_euc_75.eps>
(epstopdf)             \includegraphics on input line 58.
Package epstopdf Info: Output file is already uptodate.

<Astar_euc_75-eps-converted-to.pdf, id=265, 421.575pt x 316.18124pt>
File: Astar_euc_75-eps-converted-to.pdf Graphic file (type pdf)

<use Astar_euc_75-eps-converted-to.pdf>
Package pdftex.def Info: Astar_euc_75-eps-converted-to.pdf used on input line 5
8.
(pdftex.def)             Requested size: 237.01411pt x 177.76466pt.
Package epstopdf Info: Source file: <Astar_euc_100.eps>
(epstopdf)                    date: 2016-05-19 22:08:57
(epstopdf)                    size: 28471 bytes
(epstopdf)             Output file: <Astar_euc_100-eps-converted-to.pdf>
(epstopdf)                    date: 2016-05-19 22:10:26
(epstopdf)                    size: 5119 bytes
(epstopdf)             Command: <epstopdf --outfile=Astar_euc_100-eps-converted
-to.pdf Astar_euc_100.eps>
(epstopdf)             \includegraphics on input line 61.
Package epstopdf Info: Output file is already uptodate.

<Astar_euc_100-eps-converted-to.pdf, id=266, 421.575pt x 316.18124pt>
File: Astar_euc_100-eps-converted-to.pdf Graphic file (type pdf)

<use Astar_euc_100-eps-converted-to.pdf>
Package pdftex.def Info: Astar_euc_100-eps-converted-to.pdf used on input line 
61.
(pdftex.def)             Requested size: 237.01411pt x 177.76466pt.
Package epstopdf Info: Source file: <Astar_man_1.eps>
(epstopdf)                    date: 2016-05-20 00:14:15
(epstopdf)                    size: 34461 bytes
(epstopdf)             Output file: <Astar_man_1-eps-converted-to.pdf>
(epstopdf)                    date: 2016-05-20 00:31:41
(epstopdf)                    size: 5278 bytes
(epstopdf)             Command: <epstopdf --outfile=Astar_man_1-eps-converted-t
o.pdf Astar_man_1.eps>
(epstopdf)             \includegraphics on input line 70.
Package epstopdf Info: Output file is already uptodate.

<Astar_man_1-eps-converted-to.pdf, id=267, 421.575pt x 316.18124pt>
File: Astar_man_1-eps-converted-to.pdf Graphic file (type pdf)

<use Astar_man_1-eps-converted-to.pdf>
Package pdftex.def Info: Astar_man_1-eps-converted-to.pdf used on input line 70
.
(pdftex.def)             Requested size: 237.01411pt x 177.76466pt.
Package epstopdf Info: Source file: <Astar_man_10.eps>
(epstopdf)                    date: 2016-05-20 00:14:48
(epstopdf)                    size: 33975 bytes
(epstopdf)             Output file: <Astar_man_10-eps-converted-to.pdf>
(epstopdf)                    date: 2016-05-20 00:31:42
(epstopdf)                    size: 5262 bytes
(epstopdf)             Command: <epstopdf --outfile=Astar_man_10-eps-converted-
to.pdf Astar_man_10.eps>
(epstopdf)             \includegraphics on input line 73.
Package epstopdf Info: Output file is already uptodate.

<Astar_man_10-eps-converted-to.pdf, id=268, 421.575pt x 316.18124pt>
File: Astar_man_10-eps-converted-to.pdf Graphic file (type pdf)

<use Astar_man_10-eps-converted-to.pdf>
Package pdftex.def Info: Astar_man_10-eps-converted-to.pdf used on input line 7
3.
(pdftex.def)             Requested size: 237.01411pt x 177.76466pt.
Package epstopdf Info: Source file: <Astar_man_25.eps>
(epstopdf)                    date: 2016-05-20 00:16:02
(epstopdf)                    size: 32648 bytes
(epstopdf)             Output file: <Astar_man_25-eps-converted-to.pdf>
(epstopdf)                    date: 2016-05-20 00:31:43
(epstopdf)                    size: 5228 bytes
(epstopdf)             Command: <epstopdf --outfile=Astar_man_25-eps-converted-
to.pdf Astar_man_25.eps>
(epstopdf)             \includegraphics on input line 76.
Package epstopdf Info: Output file is already uptodate.

<Astar_man_25-eps-converted-to.pdf, id=269, 421.575pt x 316.18124pt>
File: Astar_man_25-eps-converted-to.pdf Graphic file (type pdf)

<use Astar_man_25-eps-converted-to.pdf>
Package pdftex.def Info: Astar_man_25-eps-converted-to.pdf used on input line 7
6.
(pdftex.def)             Requested size: 237.01411pt x 177.76466pt.
Package epstopdf Info: Source file: <Astar_man_50.eps>
(epstopdf)                    date: 2016-05-20 00:18:52
(epstopdf)                    size: 29321 bytes
(epstopdf)             Output file: <Astar_man_50-eps-converted-to.pdf>
(epstopdf)                    date: 2016-05-20 00:31:44
(epstopdf)                    size: 5159 bytes
(epstopdf)             Command: <epstopdf --outfile=Astar_man_50-eps-converted-
to.pdf Astar_man_50.eps>
(epstopdf)             \includegraphics on input line 79.
Package epstopdf Info: Output file is already uptodate.

<Astar_man_50-eps-converted-to.pdf, id=270, 421.575pt x 316.18124pt>
File: Astar_man_50-eps-converted-to.pdf Graphic file (type pdf)

<use Astar_man_50-eps-converted-to.pdf>
Package pdftex.def Info: Astar_man_50-eps-converted-to.pdf used on input line 7
9.
(pdftex.def)             Requested size: 237.01411pt x 177.76466pt.
Package epstopdf Info: Source file: <Astar_man_75.eps>
(epstopdf)                    date: 2016-05-20 00:20:24
(epstopdf)                    size: 28477 bytes
(epstopdf)             Output file: <Astar_man_75-eps-converted-to.pdf>
(epstopdf)                    date: 2016-05-20 00:31:44
(epstopdf)                    size: 5113 bytes
(epstopdf)             Command: <epstopdf --outfile=Astar_man_75-eps-converted-
to.pdf Astar_man_75.eps>
(epstopdf)             \includegraphics on input line 82.
Package epstopdf Info: Output file is already uptodate.

<Astar_man_75-eps-converted-to.pdf, id=271, 421.575pt x 316.18124pt>
File: Astar_man_75-eps-converted-to.pdf Graphic file (type pdf)

<use Astar_man_75-eps-converted-to.pdf>
Package pdftex.def Info: Astar_man_75-eps-converted-to.pdf used on input line 8
2.
(pdftex.def)             Requested size: 237.01411pt x 177.76466pt.
Package epstopdf Info: Source file: <Astar_man_100.eps>
(epstopdf)                    date: 2016-05-20 00:22:36
(epstopdf)                    size: 28387 bytes
(epstopdf)             Output file: <Astar_man_100-eps-converted-to.pdf>
(epstopdf)                    date: 2016-05-20 00:31:45
(epstopdf)                    size: 5086 bytes
(epstopdf)             Command: <epstopdf --outfile=Astar_man_100-eps-converted
-to.pdf Astar_man_100.eps>
(epstopdf)             \includegraphics on input line 85.
Package epstopdf Info: Output file is already uptodate.

<Astar_man_100-eps-converted-to.pdf, id=272, 421.575pt x 316.18124pt>
File: Astar_man_100-eps-converted-to.pdf Graphic file (type pdf)

<use Astar_man_100-eps-converted-to.pdf>
Package pdftex.def Info: Astar_man_100-eps-converted-to.pdf used on input line 
85.
(pdftex.def)             Requested size: 237.01411pt x 177.76466pt.
) [6 <./generategrid-eps-converted-to.pdf>] [7 <./generateobstacles-eps-convert
ed-to.pdf> <./trav-eps-converted-to.pdf>] [8 <./DijkstraMap-eps-converted-to.pd
f> <./Dijstra_terrain-eps-converted-to.pdf>] [9 <./Astar_euc_1-eps-converted-to
.pdf> <./Astar_euc_10-eps-converted-to.pdf> <./Astar_euc_25-eps-converted-to.pd
f> <./Astar_euc_50-eps-converted-to.pdf> <./Astar_euc_75-eps-converted-to.pdf> 
<./Astar_euc_100-eps-converted-to.pdf>] [10 <./Astar_man_1-eps-converted-to.pdf
> <./Astar_man_10-eps-converted-to.pdf> <./Astar_man_25-eps-converted-to.pdf> <
./Astar_man_50-eps-converted-to.pdf> <./Astar_man_75-eps-converted-to.pdf> <./A
star_man_100-eps-converted-to.pdf>]
(AppendixB.tex) [11

]
Package atveryend Info: Empty hook `BeforeClearDocument' on input line 192.
Package atveryend Info: Empty hook `AfterLastShipout' on input line 192.
 (Space3_Assign3.aux)
Package atveryend Info: Executing hook `AtVeryEndDocument' on input line 192.
Package atveryend Info: Executing hook `AtEndAfterFileList' on input line 192.
Package rerunfilecheck Info: File `Space3_Assign3.out' has not changed.
(rerunfilecheck)             Checksum: 5C531608641705B84B7B484466BF64D3;1787.


LaTeX Warning: There were undefined references.


LaTeX Warning: There were multiply-defined labels.

Package atveryend Info: Empty hook `AtVeryVeryEnd' on input line 192.
 ) 
Here is how much of TeX's memory you used:
 26086 strings out of 493634
 547879 string characters out of 3135239
 697923 words of memory out of 3000000
 28939 multiletter control sequences out of 15000+200000
 21425 words of font info for 78 fonts, out of 3000000 for 9000
 1025 hyphenation exceptions out of 8191
 55i,13n,54p,659b,612s stack positions out of 5000i,500n,10000p,200000b,50000s
 <C:\Users\Lydia\AppData\Local\MiKTeX\2.9\fonts\pk\ljfour\jknappen\ec\dpi600\
tcrm1095.pk> <C:\Users\Lydia\AppData\Local\MiKTeX\2.9\fonts\pk\ljfour\public\cm
\dpi1037\cmbcsc10.pk> <C:\Users\Lydia\AppData\Local\MiKTeX\2.9\fonts\pk\ljfour\
public\cm\dpi1493\cmbcsc10.pk><C:/Users/Lydia/AppData/Local/Programs/MiKTeX 2.9
/fonts/type1/public/amsfonts/cm/cmbx10.pfb><C:/Users/Lydia/AppData/Local/Progra
ms/MiKTeX 2.9/fonts/type1/public/amsfonts/cm/cmbx12.pfb><C:/Users/Lydia/AppData
/Local/Programs/MiKTeX 2.9/fonts/type1/public/amsfonts/cm/cmcsc10.pfb><C:/Users
/Lydia/AppData/Local/Programs/MiKTeX 2.9/fonts/type1/public/amsfonts/cm/cmex10.
pfb><C:/Users/Lydia/AppData/Local/Programs/MiKTeX 2.9/fonts/type1/public/amsfon
ts/cm/cmmi10.pfb><C:/Users/Lydia/AppData/Local/Programs/MiKTeX 2.9/fonts/type1/
public/amsfonts/cm/cmmi6.pfb><C:/Users/Lydia/AppData/Local/Programs/MiKTeX 2.9/
fonts/type1/public/amsfonts/cm/cmmi8.pfb><C:/Users/Lydia/AppData/Local/Programs
/MiKTeX 2.9/fonts/type1/public/amsfonts/cm/cmmib10.pfb><C:/Users/Lydia/AppData/
Local/Programs/MiKTeX 2.9/fonts/type1/public/amsfonts/cm/cmr10.pfb><C:/Users/Ly
dia/AppData/Local/Programs/MiKTeX 2.9/fonts/type1/public/amsfonts/cm/cmr12.pfb>
<C:/Users/Lydia/AppData/Local/Programs/MiKTeX 2.9/fonts/type1/public/amsfonts/c
m/cmr17.pfb><C:/Users/Lydia/AppData/Local/Programs/MiKTeX 2.9/fonts/type1/publi
c/amsfonts/cm/cmr6.pfb><C:/Users/Lydia/AppData/Local/Programs/MiKTeX 2.9/fonts/
type1/public/amsfonts/cm/cmr8.pfb><C:/Users/Lydia/AppData/Local/Programs/MiKTeX
 2.9/fonts/type1/public/amsfonts/cm/cmsy10.pfb><C:/Users/Lydia/AppData/Local/Pr
ograms/MiKTeX 2.9/fonts/type1/public/amsfonts/cm/cmsy8.pfb><C:/Users/Lydia/AppD
ata/Local/Programs/MiKTeX 2.9/fonts/type1/public/amsfonts/cm/cmti10.pfb><C:/Use
rs/Lydia/AppData/Local/Programs/MiKTeX 2.9/fonts/type1/public/amsfonts/cm/cmtt1
2.pfb><C:/Users/Lydia/AppData/Local/Programs/MiKTeX 2.9/fonts/type1/public/amsf
onts/symbols/msbm10.pfb>
Output written on Space3_Assign3.pdf (14 pages, 468431 bytes).
PDF statistics:
 511 PDF objects out of 1000 (max. 8388607)
 58 named destinations out of 1000 (max. 500000)
 308 words of extra memory for PDF output out of 10000 (max. 10000000)

