\BOOKMARK [1][-]{section.1}{Simulation of Orbits with Classical Elements}{}% 1
\BOOKMARK [2][-]{subsection.1.1}{Introduction}{section.1}% 2
\BOOKMARK [2][-]{subsection.1.2}{Methodology}{section.1}% 3
\BOOKMARK [3][-]{subsubsection.1.2.1}{Orbital Period}{subsection.1.2}% 4
\BOOKMARK [2][-]{subsection.1.3}{Results/Discussion}{section.1}% 5
\BOOKMARK [3][-]{subsubsection.1.3.1}{Van Allen Probes}{subsection.1.3}% 6
\BOOKMARK [3][-]{subsubsection.1.3.2}{Solar Radiation and Climate Experiment \(SORCE\)}{subsection.1.3}% 7
\BOOKMARK [3][-]{subsubsection.1.3.3}{Orbital Properties}{subsection.1.3}% 8
\BOOKMARK [1][-]{section.2}{Simulating Perturbations}{}% 9
\BOOKMARK [2][-]{subsection.2.1}{Introduction}{section.2}% 10
\BOOKMARK [3][-]{subsubsection.2.1.1}{Earth oblateness}{subsection.2.1}% 11
\BOOKMARK [3][-]{subsubsection.2.1.2}{Van Allen Probes}{subsection.2.1}% 12
\BOOKMARK [2][-]{subsection.2.2}{Methodology}{section.2}% 13
\BOOKMARK [2][-]{subsection.2.3}{Results/Discussion}{section.2}% 14
\BOOKMARK [1][-]{section.3}{Orbital Determination}{}% 15
\BOOKMARK [2][-]{subsection.3.1}{Introduction}{section.3}% 16
\BOOKMARK [2][-]{subsection.3.2}{Methodology}{section.3}% 17
\BOOKMARK [2][-]{subsection.3.3}{Results/Discussion}{section.3}% 18
\BOOKMARK [1][-]{section.4}{Conclusions}{}% 19
\BOOKMARK [1][-]{section.5}{Appendix}{}% 20
